<?xml version="1.0" encoding="UTF-8"?>
<testng-results ignored="0" total="2" passed="2" failed="0" skipped="0">
  <reporter-output>
  </reporter-output>
  <suite started-at="2023-02-17T23:35:01 IST" name="Suite003" finished-at="2023-02-17T23:35:05 IST" duration-ms="4492">
    <groups>
    </groups>
    <test started-at="2023-02-17T23:35:01 IST" name="ChromeTesting" finished-at="2023-02-17T23:35:05 IST" duration-ms="4000">
      <class name="TestNG.TestNG_Login_Facebook">
        <test-method is-config="true" signature="launchTheBrowser(java.lang.String)[pri:0, instance:TestNG.TestNG_Login_Facebook@21de60b4]" started-at="2023-02-17T23:35:01 IST" name="launchTheBrowser" finished-at="2023-02-17T23:35:02 IST" duration-ms="1147" status="PASS">
          <params>
            <param index="0">
              <value>
                <![CDATA[Chrome]]>
              </value>
            </param>
          </params>
          <reporter-output>
          </reporter-output>
        </test-method> <!-- launchTheBrowser -->
        <test-method is-config="true" signature="createPOMObject()[pri:0, instance:TestNG.TestNG_Login_Facebook@21de60b4]" started-at="2023-02-17T23:35:02 IST" name="createPOMObject" finished-at="2023-02-17T23:35:04 IST" duration-ms="1960" status="PASS">
          <reporter-output>
          </reporter-output>
        </test-method> <!-- createPOMObject -->
        <test-method is-config="true" signature="goToSignupForm()[pri:0, instance:TestNG.TestNG_Login_Facebook@21de60b4]" started-at="2023-02-17T23:35:04 IST" name="goToSignupForm" finished-at="2023-02-17T23:35:05 IST" duration-ms="640" status="PASS">
          <reporter-output>
          </reporter-output>
        </test-method> <!-- goToSignupForm -->
        <test-method signature="termsPageOpen()[pri:0, instance:TestNG.TestNG_Login_Facebook@21de60b4]" started-at="2023-02-17T23:35:05 IST" name="termsPageOpen" finished-at="2023-02-17T23:35:05 IST" duration-ms="73" status="PASS">
          <reporter-output>
          </reporter-output>
        </test-method> <!-- termsPageOpen -->
        <test-method is-config="true" signature="afterMethod(org.testng.ITestResult)[pri:0, instance:TestNG.TestNG_Login_Facebook@21de60b4]" started-at="2023-02-17T23:35:05 IST" name="afterMethod" finished-at="2023-02-17T23:35:05 IST" duration-ms="2" status="PASS">
          <params>
            <param index="0">
              <value>
                <![CDATA[[TestResult name=termsPageOpen status=SUCCESS method=TestNG_Login_Facebook.termsPageOpen()[pri:0, instance:TestNG.TestNG_Login_Facebook@21de60b4] output={null}]]]>
              </value>
            </param>
          </params>
          <reporter-output>
          </reporter-output>
        </test-method> <!-- afterMethod -->
        <test-method is-config="true" signature="clearPOMObject()[pri:0, instance:TestNG.TestNG_Login_Facebook@21de60b4]" started-at="2023-02-17T23:35:05 IST" name="clearPOMObject" finished-at="2023-02-17T23:35:05 IST" duration-ms="1" status="PASS">
          <reporter-output>
          </reporter-output>
        </test-method> <!-- clearPOMObject -->
        <test-method is-config="true" signature="closeTheBrowser()[pri:0, instance:TestNG.TestNG_Login_Facebook@21de60b4]" started-at="2023-02-17T23:35:05 IST" name="closeTheBrowser" finished-at="2023-02-17T23:35:05 IST" duration-ms="147" status="PASS">
          <reporter-output>
          </reporter-output>
        </test-method> <!-- closeTheBrowser -->
      </class> <!-- TestNG.TestNG_Login_Facebook -->
    </test> <!-- ChromeTesting -->
    <test started-at="2023-02-17T23:35:01 IST" name="EdgeTesting" finished-at="2023-02-17T23:35:05 IST" duration-ms="4492">
      <class name="TestNG.TestNG_Login_Facebook">
        <test-method is-config="true" signature="launchTheBrowser(java.lang.String)[pri:0, instance:TestNG.TestNG_Login_Facebook@40ef3420]" started-at="2023-02-17T23:35:01 IST" name="launchTheBrowser" finished-at="2023-02-17T23:35:02 IST" duration-ms="1201" status="PASS">
          <params>
            <param index="0">
              <value>
                <![CDATA[Edge]]>
              </value>
            </param>
          </params>
          <reporter-output>
          </reporter-output>
        </test-method> <!-- launchTheBrowser -->
        <test-method is-config="true" signature="createPOMObject()[pri:0, instance:TestNG.TestNG_Login_Facebook@40ef3420]" started-at="2023-02-17T23:35:02 IST" name="createPOMObject" finished-at="2023-02-17T23:35:05 IST" duration-ms="2692" status="PASS">
          <reporter-output>
          </reporter-output>
        </test-method> <!-- createPOMObject -->
        <test-method is-config="true" signature="goToSignupForm()[pri:0, instance:TestNG.TestNG_Login_Facebook@40ef3420]" started-at="2023-02-17T23:35:05 IST" name="goToSignupForm" finished-at="2023-02-17T23:35:05 IST" duration-ms="233" status="PASS">
          <reporter-output>
          </reporter-output>
        </test-method> <!-- goToSignupForm -->
        <test-method signature="termsPageOpen()[pri:0, instance:TestNG.TestNG_Login_Facebook@40ef3420]" started-at="2023-02-17T23:35:05 IST" name="termsPageOpen" finished-at="2023-02-17T23:35:05 IST" duration-ms="63" status="PASS">
          <reporter-output>
          </reporter-output>
        </test-method> <!-- termsPageOpen -->
        <test-method is-config="true" signature="afterMethod(org.testng.ITestResult)[pri:0, instance:TestNG.TestNG_Login_Facebook@40ef3420]" started-at="2023-02-17T23:35:05 IST" name="afterMethod" finished-at="2023-02-17T23:35:05 IST" duration-ms="0" status="PASS">
          <params>
            <param index="0">
              <value>
                <![CDATA[[TestResult name=termsPageOpen status=SUCCESS method=TestNG_Login_Facebook.termsPageOpen()[pri:0, instance:TestNG.TestNG_Login_Facebook@40ef3420] output={null}]]]>
              </value>
            </param>
          </params>
          <reporter-output>
          </reporter-output>
        </test-method> <!-- afterMethod -->
        <test-method is-config="true" signature="clearPOMObject()[pri:0, instance:TestNG.TestNG_Login_Facebook@40ef3420]" started-at="2023-02-17T23:35:05 IST" name="clearPOMObject" finished-at="2023-02-17T23:35:05 IST" duration-ms="0" status="PASS">
          <reporter-output>
          </reporter-output>
        </test-method> <!-- clearPOMObject -->
        <test-method is-config="true" signature="closeTheBrowser()[pri:0, instance:TestNG.TestNG_Login_Facebook@40ef3420]" started-at="2023-02-17T23:35:05 IST" name="closeTheBrowser" finished-at="2023-02-17T23:35:05 IST" duration-ms="294" status="PASS">
          <reporter-output>
          </reporter-output>
        </test-method> <!-- closeTheBrowser -->
      </class> <!-- TestNG.TestNG_Login_Facebook -->
    </test> <!-- EdgeTesting -->
  </suite> <!-- Suite003 -->
</testng-results>
