<?xml version="1.0" encoding="UTF-8"?>
<!-- Generated by org.testng.reporters.JUnitXMLReporter -->
<testsuite ignored="0" hostname="LAPTOP-5738PF4F" failures="1" tests="2" name="Test" time="20.037" errors="0" timestamp="2023-02-27T00:22:11 IST">
  <testcase classname="TestNG.BuyACourse" name="buyACourse" time="2.001">
    <failure type="java.lang.AssertionError" message="The following asserts failed:
	Title wrong expected [null] but found [IAS Tablet Learning Program 2023 (English)]">
      <![CDATA[java.lang.AssertionError: The following asserts failed:
Title wrong expected [null] but found [IAS Tablet Learning Program 2023 (English)]
at TestNG.BuyACourse.buyACourse(BuyACourse.java:63)
at java.base/java.util.ArrayList.forEach(ArrayList.java:1511)
... Removed 27 stack frames]]>
    </failure>
  </testcase> <!-- buyACourse -->
  <testcase classname="TestNG.BuyACourse" name="clickOnAddToCartButton" time="0.0">
    <skipped/>
  </testcase> <!-- clickOnAddToCartButton -->
</testsuite> <!-- Test -->
