<?xml version="1.0" encoding="UTF-8"?>
<!-- Generated by org.testng.reporters.JUnitXMLReporter -->
<testsuite ignored="3" hostname="LAPTOP-5738PF4F" failures="0" tests="5" name="Test123" time="0.048" errors="0" timestamp="2023-02-07T23:33:24 IST">
  <testcase classname="TestNG.PracticeClass_1" name="test1" time="0.005"/>
  <testcase classname="TestNG.PracticeClass_1" name="test4" time="0.001"/>
  <testcase classname="TestNG.PracticeClass_2" name="testA" time="0.003"/>
  <testcase classname="TestNG.PracticeClass_2" name="testC" time="0.002"/>
  <testcase classname="TestNG.PracticeClass_2" name="testD" time="0.001"/>
  <testcase classname="TestNG.PracticeClass_1" name="test3" time="0.0">
    <ignored/>
  </testcase> <!-- test3 -->
  <testcase classname="TestNG.PracticeClass_2" name="testB" time="0.0">
    <ignored/>
  </testcase> <!-- testB -->
  <testcase classname="TestNG.PracticeClass_1" name="test2" time="0.0">
    <ignored/>
  </testcase> <!-- test2 -->
</testsuite> <!-- Test123 -->
