<?xml version="1.0" encoding="UTF-8"?>
<!-- Generated by org.testng.reporters.JUnitXMLReporter -->
<testsuite ignored="0" hostname="LAPTOP-5738PF4F" failures="0" tests="6" name="ChromeTesting" time="13.872" errors="0" timestamp="2023-02-14T23:01:27 IST">
  <testcase classname="TestNG.TestNGClass_Facebook_2" name="cookiesPolicyPageOpen" time="3.944"/>
  <testcase classname="TestNG.TestNGClass_Facebook" name="cookiesPolicyPageOpen" time="4.347"/>
  <testcase classname="TestNG.TestNGClass_Facebook_2" name="privacyPolicyPageOpen" time="2.979"/>
  <testcase classname="TestNG.TestNGClass_Facebook" name="privacyPolicyPageOpen" time="3.02"/>
  <testcase classname="TestNG.TestNGClass_Facebook" name="termsPageOpen" time="0.159"/>
  <testcase classname="TestNG.TestNGClass_Facebook_2" name="termsPageOpen" time="2.499"/>
</testsuite> <!-- ChromeTesting -->
