<?xml version="1.0" encoding="UTF-8"?>
<!-- Generated by org.testng.reporters.JUnitXMLReporter -->
<testsuite ignored="0" hostname="LAPTOP-5738PF4F" failures="1" tests="6" name="Test2" time="18.191" errors="0" timestamp="2023-02-14T15:16:29 IST">
  <testcase classname="TestNG.TestNGClass_Facebook" name="cookiesPolicyPageOpen" time="3.758"/>
  <testcase classname="TestNG.TestNGClass_Facebook" name="privacyPolicyPageOpen" time="2.657"/>
  <testcase classname="TestNG.TestNGClass_Facebook" name="termsPageOpen" time="1.256"/>
  <testcase classname="TestNG.TestNGClass_Facebook_2" name="termsPageOpen" time="0.898">
    <failure type="java.lang.IndexOutOfBoundsException" message="Index 3 out of bounds for length 2">
      <![CDATA[java.lang.IndexOutOfBoundsException: Index 3 out of bounds for length 2
at java.base/jdk.internal.util.Preconditions.outOfBounds(Preconditions.java:100)
at java.base/jdk.internal.util.Preconditions.outOfBoundsCheckIndex(Preconditions.java:106)
at java.base/jdk.internal.util.Preconditions.checkIndex(Preconditions.java:302)
at java.base/java.util.Objects.checkIndex(Objects.java:359)
at java.base/java.util.ArrayList.get(ArrayList.java:427)
at Facebook_POMclasses.CreateNewAccount.clickOnTerms(CreateNewAccount.java:94)
at TestNG.TestNGClass_Facebook_2.termsPageOpen(TestNGClass_Facebook_2.java:61)
at java.base/java.util.ArrayList.forEach(ArrayList.java:1511)
... Removed 25 stack frames]]>
    </failure>
  </testcase> <!-- termsPageOpen -->
  <testcase classname="TestNG.TestNGClass_Facebook_2" name="privacyPolicyPageOpen" time="2.384"/>
  <testcase classname="TestNG.TestNGClass_Facebook_2" name="cookiesPolicyPageOpen" time="0.244"/>
</testsuite> <!-- Test2 -->
